2016年 9月25日 日曜日 15時57分26秒 JST: Brewfile is updated
2016年 9月25日 日曜日 15時58分43秒 JST: Brewfile is updated
Wed Sep 28 17:12:26 JST 2016: Brewfile is updated
Wed Sep 28 17:14:13 JST 2016: Brewfile is updated
Fri Oct 14 13:37:39 JST 2016: Brewfile is updated
Fri Oct 14 13:42:09 JST 2016: Brewfile is updated
Fri Oct 14 14:12:34 JST 2016: Brewfile is updated
Fri Oct 14 14:13:16 JST 2016: Brewfile is updated
Tue Oct 18 15:00:00 JST 2016: Brewfile is updated
Thu Oct 20 15:00:00 JST 2016: Brewfile is updated
Fri Oct 21 15:00:00 JST 2016: Brewfile is updated
Sat Oct 22 15:00:00 JST 2016: Brewfile is updated
Sun Oct 23 15:00:00 JST 2016: Brewfile is updated
Mon Oct 24 15:00:00 JST 2016: Brewfile is updated
Tue Oct 25 15:00:00 JST 2016: Brewfile is updated
Wed Oct 26 15:00:01 JST 2016: Brewfile is updated
Thu Oct 27 15:00:01 JST 2016: Brewfile is updated
Fri Oct 28 15:00:01 JST 2016: Brewfile is updated
Sat Oct 29 15:00:01 JST 2016: Brewfile is updated
Mon Oct 31 15:00:01 JST 2016: Brewfile is updated
Tue Nov 1 15:00:01 JST 2016: Brewfile is updated
Wed Nov 2 15:00:02 JST 2016: Brewfile is updated
Sun Nov 6 15:00:01 JST 2016: Brewfile is updated
Mon Nov 7 15:00:02 JST 2016: Brewfile is updated
Tue Nov 8 15:00:01 JST 2016: Brewfile is updated
Wed Nov 9 15:00:02 JST 2016: Brewfile is updated
Sat Nov 12 15:00:01 JST 2016: Brewfile is updated
Mon Nov 14 15:00:01 JST 2016: Brewfile is updated
Sun Nov 20 15:00:01 JST 2016: Brewfile is updated
Mon Nov 21 15:00:01 JST 2016: Brewfile is updated
Thu Nov 24 15:00:01 JST 2016: Brewfile is updated
Fri Nov 25 15:00:01 JST 2016: Brewfile is updated
Mon Nov 28 15:00:01 JST 2016: Brewfile is updated
Thu Dec 1 15:00:02 JST 2016: Brewfile is updated
Fri Dec 2 15:00:01 JST 2016: Brewfile is updated
Sat Dec 3 15:00:01 JST 2016: Brewfile is updated
Tue Dec 6 15:00:01 JST 2016: Brewfile is updated
Wed Dec 7 15:00:02 JST 2016: Brewfile is updated
Mon Dec 12 15:00:02 JST 2016: Brewfile is updated
Tue Dec 13 15:00:01 JST 2016: Brewfile is updated
Wed Dec 14 15:00:00 JST 2016: Brewfile is updated
Sat Dec 17 15:00:00 JST 2016: Brewfile is updated
Sun Dec 25 15:00:01 JST 2016: Brewfile is updated
Mon Dec 26 15:00:00 JST 2016: Brewfile is updated
Tue Dec 27 15:00:00 JST 2016: Brewfile is updated
Thu Dec 29 15:00:00 JST 2016: Brewfile is updated
Fri Dec 30 15:00:00 JST 2016: Brewfile is updated
Mon Jan 2 15:00:00 JST 2017: Brewfile is updated
Tue Jan 3 15:00:00 JST 2017: Brewfile is updated
Fri Jan 6 15:00:00 JST 2017: Brewfile is updated
Sat Jan 7 15:00:00 JST 2017: Brewfile is updated
Sun Jan 8 15:00:00 JST 2017: Brewfile is updated
Wed Jan 11 15:00:00 JST 2017: Brewfile is updated
Sun Jan 15 15:00:00 JST 2017: Brewfile is updated
Thu Jan 19 15:00:00 JST 2017: Brewfile is updated
Sat Jan 21 15:00:00 JST 2017: Brewfile is updated
Sun Jan 22 15:00:05 JST 2017: Brewfile is updated
Mon Jan 23 15:00:00 JST 2017: Brewfile is updated
Tue Jan 24 15:00:00 JST 2017: Brewfile is updated
Wed Jan 25 15:00:00 JST 2017: Brewfile is updated
Thu Jan 26 15:00:00 JST 2017: Brewfile is updated
Fri Jan 27 15:00:00 JST 2017: Brewfile is updated
Sat Jan 28 15:00:00 JST 2017: Brewfile is updated
Sun Jan 29 15:00:01 JST 2017: Brewfile is updated
Tue Jan 31 15:04:49 JST 2017: Brewfile is updated
Wed Feb 1 15:00:01 JST 2017: Brewfile is updated
Sat Feb 4 15:00:00 JST 2017: Brewfile is updated
Tue Feb 7 15:00:00 JST 2017: Brewfile is updated
Wed Feb 8 15:00:00 JST 2017: Brewfile is updated
Thu Feb 9 15:00:00 JST 2017: Brewfile is updated
Fri Feb 10 15:00:00 JST 2017: Brewfile is updated
Mon Feb 13 15:00:00 JST 2017: Brewfile is updated
Wed Feb 15 15:00:00 JST 2017: Brewfile is updated
Sat Feb 18 15:01:28 JST 2017: Brewfile is updated
Tue Feb 28 15:00:00 JST 2017: Brewfile is updated
Sun Mar 5 15:00:00 JST 2017: Brewfile is updated
Mon Mar 6 15:00:00 JST 2017: Brewfile is updated
Tue Mar 7 15:00:00 JST 2017: Brewfile is updated
Fri Mar 10 15:00:00 JST 2017: Brewfile is updated
Sat Mar 11 15:00:00 JST 2017: Brewfile is updated
Sun Mar 12 15:00:00 JST 2017: Brewfile is updated
Tue Mar 14 15:00:00 JST 2017: Brewfile is updated
Fri Mar 17 15:00:00 JST 2017: Brewfile is updated
Sat Mar 18 15:00:00 JST 2017: Brewfile is updated
Mon Mar 20 15:00:00 JST 2017: Brewfile is updated
Tue Mar 21 15:00:00 JST 2017: Brewfile is updated
Fri Mar 24 15:00:00 JST 2017: Brewfile is updated
Sun Mar 26 15:00:00 JST 2017: Brewfile is updated
Mon Mar 27 15:00:01 JST 2017: Brewfile is updated
Tue Mar 28 15:00:00 JST 2017: Brewfile is updated
Thu Mar 30 15:00:00 JST 2017: Brewfile is updated
Mon Apr 3 15:04:59 JST 2017: Brewfile is updated
Tue Apr 4 15:00:01 JST 2017: Brewfile is updated
Wed Apr 5 15:00:00 JST 2017: Brewfile is updated
Thu Apr 6 15:00:00 JST 2017: Brewfile is updated
Fri Apr 7 15:00:00 JST 2017: Brewfile is updated
Mon Apr 10 15:00:00 JST 2017: Brewfile is updated
Tue Apr 11 15:00:00 JST 2017: Brewfile is updated
Wed Apr 12 15:00:00 JST 2017: Brewfile is updated
Fri Apr 14 15:00:00 JST 2017: Brewfile is updated
Sat Apr 15 15:02:16 JST 2017: Brewfile is updated
Sun Apr 16 15:00:00 JST 2017: Brewfile is updated
Mon Apr 17 15:00:00 JST 2017: Brewfile is updated
Wed Apr 19 15:00:00 JST 2017: Brewfile is updated
Fri Apr 21 15:00:01 JST 2017: Brewfile is updated
Sat Apr 22 15:00:00 JST 2017: Brewfile is updated
Mon Apr 24 15:00:00 JST 2017: Brewfile is updated
Tue Apr 25 15:00:00 JST 2017: Brewfile is updated
Wed Apr 26 15:00:00 JST 2017: Brewfile is updated
Fri Apr 28 15:01:18 JST 2017: Brewfile is updated
Sun Apr 30 15:00:00 JST 2017: Brewfile is updated
Mon May 1 15:00:00 JST 2017: Brewfile is updated
Thu May 4 15:00:01 JST 2017: Brewfile is updated
Fri May 5 15:00:00 JST 2017: Brewfile is updated
Sat May 6 15:00:00 JST 2017: Brewfile is updated
Sun May 7 15:00:00 JST 2017: Brewfile is updated
Mon May 8 15:00:00 JST 2017: Brewfile is updated
Tue May 9 15:00:00 JST 2017: Brewfile is updated
Wed May 10 15:00:00 JST 2017: Brewfile is updated
Thu May 11 15:00:00 JST 2017: Brewfile is updated
Fri May 12 15:00:00 JST 2017: Brewfile is updated
Sat May 13 15:00:00 JST 2017: Brewfile is updated
Sun May 14 15:00:00 JST 2017: Brewfile is updated
Mon May 15 15:00:00 JST 2017: Brewfile is updated
Tue May 16 15:00:00 JST 2017: Brewfile is updated
Wed May 17 15:00:00 JST 2017: Brewfile is updated
Fri May 19 15:00:00 JST 2017: Brewfile is updated
Sat May 20 15:00:00 JST 2017: Brewfile is updated
